<?xml version="1.0" encoding="UTF-8"?>
<testng-results skipped="0" failed="0" ignored="0" total="0" passed="0">
  <reporter-output>
  </reporter-output>
  <suite name=" Free CRM-Smoke" duration-ms="16" started-at="2020-02-04T05:59:54 GMT" finished-at="2020-02-04T05:59:55 GMT">
    <groups>
    </groups>
    <test name="Free CRM App Test Cases" duration-ms="16" started-at="2020-02-04T05:59:54 GMT" finished-at="2020-02-04T05:59:55 GMT">
    </test> <!-- Free CRM App Test Cases -->
  </suite> <!--  Free CRM-Smoke -->
</testng-results>
